2025-01-19 11:08:33 - To: eakpoli@gmail.com, Subject: Confirmation d'emprunt - Le Rouge et le Noir, Result: Failure
2025-01-19 11:19:27 - To: eakpoli@gmail.com, Subject: Confirmation d'emprunt - Espero, Success: No
Headers: From: bibliotheque@example.com
Reply-To: bibliotheque@example.com
MIME-Version: 1.0
Content-Type: text/html; charset=UTF-8

Message: <!DOCTYPE html>
<html>

<head>
    <style>
        body {
            font-family: Arial, sans-serif;
        }

        .container {
            max-width: 600px;
            margin: 0 auto;
            padding: 20px;
        }

        .header {
            background-color: #3b82f6;
            color: white;
            padding: 20px;
            text-align: center;
        }

        .content {
            padding: 20px;
        }

        .footer {
            background-color: #f3f4f6;
            padding: 10px;
            text-align: center;
        }
    </style>
</head>

<body>
    <div class="container">
        <div class="header">
            <h1>Confirmation d'emprunt</h1>
        </div>

        <div class="content">
            <p>Bonjour ESPERO AKPOLI,</p>
            <p>Vous avez emprunté le livre suivant :</p>

            <div style="margin: 20px 0;">
                <p><strong>Titre :</strong> Espero</p>
                <p><strong>Auteur :</strong> Espero</p>
                <p><strong>Date de retour :</strong> 03/02/2025</p>
            </div>

            <p>Merci de votre confiance.</p>
        </div>

        <div class="footer">
            <p>Bibliothèque - © 2025</p>
        </div>
    </div>
</body>

</html>

